  pch.cpp
  BurgerGame.cpp
  Main.cpp
  ScoreScene.cpp
  SecondLevel.cpp
  SoloLevel.cpp
  StartScreen.cpp
  ThirdLevel.cpp
  Generating code
  Previous IPDB not found, fall back to full compilation.
  All 3983 functions were compiled because no usable IPDB/IOBJ from previous compilation was found.
  Finished generating code
  BurgerTime.vcxproj -> C:\_PROG_4\_Programming_4\_MINIGIN\Week_8_MINIGIN\Minigin\x64\Release\BurgerTime.exe
  C:\_PROG_4\_Programming_4\_MINIGIN\Week_8_MINIGIN\Minigin\3rdParty\SDL2\lib\x64\SDL2.dll
  1 File(s) copied
  C:\_PROG_4\_Programming_4\_MINIGIN\Week_8_MINIGIN\Minigin\3rdParty\SDL2_image\lib\x64\libjpeg-9.dll
  C:\_PROG_4\_Programming_4\_MINIGIN\Week_8_MINIGIN\Minigin\3rdParty\SDL2_image\lib\x64\libpng16-16.dll
  C:\_PROG_4\_Programming_4\_MINIGIN\Week_8_MINIGIN\Minigin\3rdParty\SDL2_image\lib\x64\libtiff-5.dll
  C:\_PROG_4\_Programming_4\_MINIGIN\Week_8_MINIGIN\Minigin\3rdParty\SDL2_image\lib\x64\libwebp-7.dll
  C:\_PROG_4\_Programming_4\_MINIGIN\Week_8_MINIGIN\Minigin\3rdParty\SDL2_image\lib\x64\SDL2_image.dll
  C:\_PROG_4\_Programming_4\_MINIGIN\Week_8_MINIGIN\Minigin\3rdParty\SDL2_image\lib\x64\zlib1.dll
  6 File(s) copied
  C:\_PROG_4\_Programming_4\_MINIGIN\Week_8_MINIGIN\Minigin\3rdParty\SDL2_ttf\lib\x64\libfreetype-6.dll
  C:\_PROG_4\_Programming_4\_MINIGIN\Week_8_MINIGIN\Minigin\3rdParty\SDL2_ttf\lib\x64\SDL2_ttf.dll
  2 File(s) copied
