c:\_prog_4\_programming_4\_minigin\week_8_minigin\minigin\burgertime\x64\release\burgertime.pch
c:\_prog_4\_programming_4\_minigin\week_8_minigin\minigin\burgertime\x64\release\vc143.pdb
c:\_prog_4\_programming_4\_minigin\week_8_minigin\minigin\burgertime\x64\release\pch.obj
c:\_prog_4\_programming_4\_minigin\week_8_minigin\minigin\burgertime\x64\release\thirdlevel.obj
c:\_prog_4\_programming_4\_minigin\week_8_minigin\minigin\burgertime\x64\release\startscreen.obj
c:\_prog_4\_programming_4\_minigin\week_8_minigin\minigin\burgertime\x64\release\sololevel.obj
c:\_prog_4\_programming_4\_minigin\week_8_minigin\minigin\burgertime\x64\release\secondlevel.obj
c:\_prog_4\_programming_4\_minigin\week_8_minigin\minigin\burgertime\x64\release\scorescene.obj
c:\_prog_4\_programming_4\_minigin\week_8_minigin\minigin\burgertime\x64\release\main.obj
c:\_prog_4\_programming_4\_minigin\week_8_minigin\minigin\burgertime\x64\release\burgergame.obj
c:\_prog_4\_programming_4\_minigin\week_8_minigin\minigin\x64\release\burgertime.exe
c:\_prog_4\_programming_4\_minigin\week_8_minigin\minigin\burgertime\x64\release\burgertime.ipdb
c:\_prog_4\_programming_4\_minigin\week_8_minigin\minigin\x64\release\burgertime.pdb
c:\_prog_4\_programming_4\_minigin\week_8_minigin\minigin\burgertime\x64\release\burgertime.iobj
c:\_prog_4\_programming_4\_minigin\week_8_minigin\minigin\burgertime\x64\release\burgertime.res
c:\_prog_4\_programming_4\_minigin\week_8_minigin\minigin\burgertime\x64\release\burgertime.tlog\cl.command.1.tlog
c:\_prog_4\_programming_4\_minigin\week_8_minigin\minigin\burgertime\x64\release\burgertime.tlog\cl.read.1.tlog
c:\_prog_4\_programming_4\_minigin\week_8_minigin\minigin\burgertime\x64\release\burgertime.tlog\cl.write.1.tlog
c:\_prog_4\_programming_4\_minigin\week_8_minigin\minigin\burgertime\x64\release\burgertime.tlog\link.command.1.tlog
c:\_prog_4\_programming_4\_minigin\week_8_minigin\minigin\burgertime\x64\release\burgertime.tlog\link.read.1.tlog
c:\_prog_4\_programming_4\_minigin\week_8_minigin\minigin\burgertime\x64\release\burgertime.tlog\link.write.1.tlog
c:\_prog_4\_programming_4\_minigin\week_8_minigin\minigin\burgertime\x64\release\burgertime.tlog\rc.command.1.tlog
c:\_prog_4\_programming_4\_minigin\week_8_minigin\minigin\burgertime\x64\release\burgertime.tlog\rc.read.1.tlog
c:\_prog_4\_programming_4\_minigin\week_8_minigin\minigin\burgertime\x64\release\burgertime.tlog\rc.write.1.tlog
