c:\_prog_4\_programming_4\_minigin\week_8_minigin\minigin\burgertime\x64\debug\burgertime.pch
c:\_prog_4\_programming_4\_minigin\week_8_minigin\minigin\burgertime\x64\debug\vc143.pdb
c:\_prog_4\_programming_4\_minigin\week_8_minigin\minigin\burgertime\x64\debug\vc143.idb
c:\_prog_4\_programming_4\_minigin\week_8_minigin\minigin\burgertime\x64\debug\pch.obj
c:\_prog_4\_programming_4\_minigin\week_8_minigin\minigin\burgertime\x64\debug\thirdlevel.obj
c:\_prog_4\_programming_4\_minigin\week_8_minigin\minigin\burgertime\x64\debug\startscreen.obj
c:\_prog_4\_programming_4\_minigin\week_8_minigin\minigin\burgertime\x64\debug\sololevel.obj
c:\_prog_4\_programming_4\_minigin\week_8_minigin\minigin\burgertime\x64\debug\secondlevel.obj
c:\_prog_4\_programming_4\_minigin\week_8_minigin\minigin\burgertime\x64\debug\scorescene.obj
c:\_prog_4\_programming_4\_minigin\week_8_minigin\minigin\burgertime\x64\debug\main.obj
c:\_prog_4\_programming_4\_minigin\week_8_minigin\minigin\burgertime\x64\debug\burgergame.obj
c:\_prog_4\_programming_4\_minigin\week_8_minigin\minigin\x64\debug\burgertime.exe
c:\_prog_4\_programming_4\_minigin\week_8_minigin\minigin\burgertime\x64\debug\burgertime.ilk
c:\_prog_4\_programming_4\_minigin\week_8_minigin\minigin\x64\debug\burgertime.pdb
c:\_prog_4\_programming_4\_minigin\week_8_minigin\minigin\burgertime\x64\debug\burgertime.res
c:\_prog_4\_programming_4\_minigin\week_8_minigin\minigin\burgertime\x64\debug\burgertime.tlog\cl.command.1.tlog
c:\_prog_4\_programming_4\_minigin\week_8_minigin\minigin\burgertime\x64\debug\burgertime.tlog\cl.read.1.tlog
c:\_prog_4\_programming_4\_minigin\week_8_minigin\minigin\burgertime\x64\debug\burgertime.tlog\cl.write.1.tlog
c:\_prog_4\_programming_4\_minigin\week_8_minigin\minigin\burgertime\x64\debug\burgertime.tlog\link.command.1.tlog
c:\_prog_4\_programming_4\_minigin\week_8_minigin\minigin\burgertime\x64\debug\burgertime.tlog\link.read.1.tlog
c:\_prog_4\_programming_4\_minigin\week_8_minigin\minigin\burgertime\x64\debug\burgertime.tlog\link.write.1.tlog
c:\_prog_4\_programming_4\_minigin\week_8_minigin\minigin\burgertime\x64\debug\burgertime.tlog\rc.command.1.tlog
c:\_prog_4\_programming_4\_minigin\week_8_minigin\minigin\burgertime\x64\debug\burgertime.tlog\rc.read.1.tlog
c:\_prog_4\_programming_4\_minigin\week_8_minigin\minigin\burgertime\x64\debug\burgertime.tlog\rc.write.1.tlog
